

*******************************************************************************
Thu Aug 12 13:47:49 2021


FIT:    data read from 'bit.dat' u 1:2
        format = x:z
        #datapoints = 7
        residuals are weighted equally (unit weight)

function used for fitting: f(x)
	f(x)=50*(1+erf(a*(x-b)))
fitted parameters and initial values from file: par.dat

iter      chisq       delta/lim  lambda   a             b            
   0 1.0419170000e+06   0.00e+00  0.00e+00    1.000000e+00   2.000000e+00
BREAK: Singular matrix in Givens()

*******************************************************************************
Thu Aug 12 13:48:20 2021


FIT:    data read from 'bit.dat' u 1:2
        format = x:z
        #datapoints = 7
        residuals are weighted equally (unit weight)

function used for fitting: f(x)
fitted parameters and initial values from file: par.dat



*******************************************************************************
Thu Aug 12 13:48:25 2021


FIT:    data read from 'bit.dat' u 1:2
        format = x:z
        #datapoints = 7
        residuals are weighted equally (unit weight)

function used for fitting: f(x)
	f(x)=50*(1+erf(a*(x-b)))
fitted parameters and initial values from file: par.dat

iter      chisq       delta/lim  lambda   a             b            
   0 1.0419170000e+06   0.00e+00  0.00e+00    1.000000e+00   1.200000e+01
BREAK: Singular matrix in Givens()


*******************************************************************************
Thu Aug 12 14:01:01 2021


FIT:    data read from 'bit.dat' u 1:3
        format = x:z
        #datapoints = 7
        residuals are weighted equally (unit weight)

function used for fitting: f(x)
	f(x)=50*(1+erf(a*(x-b)))
fitted parameters and initial values from file: par.dat

iter      chisq       delta/lim  lambda   a             b            
   0 1.0319833836e+06   0.00e+00  6.76e+01    1.000000e+00   1.200000e+01
   6 1.0273410001e+06  -1.51e-01  6.76e-02    9.596918e-01   1.352020e+01

After 6 iterations the fit converged.
final sum of squares of residuals : 1.02734e+06
rel. change during last iteration : -1.51471e-06

degrees of freedom    (FIT_NDF)                        : 5
rms of residuals      (FIT_STDFIT) = sqrt(WSSR/ndf)    : 453.286
variance of residuals (reduced chisquare) = WSSR/ndf   : 205468

Final set of parameters            Asymptotic Standard Error
=======================            ==========================
a               = 0.959692         +/- 1.386e+12    (1.444e+14%)
b               = 13.5202          +/- 7.559e+11    (5.591e+12%)

correlation matrix of the fit parameters:
                a      b      
a               1.000 
b              -1.000  1.000 
